<?xml version="1.0" encoding="UTF-8"?>
<testsuite xmlns:xsi="http://www.w3.org/2001/XMLSchema-instance" xsi:noNamespaceSchemaLocation="https://maven.apache.org/surefire/maven-surefire-plugin/xsd/surefire-test-report.xsd" name="com.cicdlectures.menuserver.controller.MenuControllerIT" time="5.636" tests="1" errors="1" skipped="0" failures="0">
  <properties>
    <property name="awt.toolkit" value="sun.awt.X11.XToolkit"/>
    <property name="java.specification.version" value="11"/>
    <property name="sun.cpu.isalist" value=""/>
    <property name="sun.jnu.encoding" value="UTF-8"/>
    <property name="java.class.path" value="/workspace/menu-server-1/target/test-classes:/workspace/menu-server-1/target/classes:/workspace/m2-repository/org/springframework/boot/spring-boot-starter-data-jpa/2.6.0/spring-boot-starter-data-jpa-2.6.0.jar:/workspace/m2-repository/org/springframework/boot/spring-boot-starter-aop/2.6.0/spring-boot-starter-aop-2.6.0.jar:/workspace/m2-repository/org/springframework/spring-aop/5.3.13/spring-aop-5.3.13.jar:/workspace/m2-repository/org/aspectj/aspectjweaver/1.9.7/aspectjweaver-1.9.7.jar:/workspace/m2-repository/org/springframework/boot/spring-boot-starter-jdbc/2.6.0/spring-boot-starter-jdbc-2.6.0.jar:/workspace/m2-repository/com/zaxxer/HikariCP/4.0.3/HikariCP-4.0.3.jar:/workspace/m2-repository/org/springframework/spring-jdbc/5.3.13/spring-jdbc-5.3.13.jar:/workspace/m2-repository/jakarta/transaction/jakarta.transaction-api/1.3.3/jakarta.transaction-api-1.3.3.jar:/workspace/m2-repository/jakarta/persistence/jakarta.persistence-api/2.2.3/jakarta.persistence-api-2.2.3.jar:/workspace/m2-repository/org/hibernate/hibernate-core/5.6.1.Final/hibernate-core-5.6.1.Final.jar:/workspace/m2-repository/org/jboss/logging/jboss-logging/3.4.2.Final/jboss-logging-3.4.2.Final.jar:/workspace/m2-repository/net/bytebuddy/byte-buddy/1.11.22/byte-buddy-1.11.22.jar:/workspace/m2-repository/antlr/antlr/2.7.7/antlr-2.7.7.jar:/workspace/m2-repository/org/jboss/jandex/2.2.3.Final/jandex-2.2.3.Final.jar:/workspace/m2-repository/com/fasterxml/classmate/1.5.1/classmate-1.5.1.jar:/workspace/m2-repository/org/hibernate/common/hibernate-commons-annotations/5.1.2.Final/hibernate-commons-annotations-5.1.2.Final.jar:/workspace/m2-repository/org/glassfish/jaxb/jaxb-runtime/2.3.5/jaxb-runtime-2.3.5.jar:/workspace/m2-repository/org/glassfish/jaxb/txw2/2.3.5/txw2-2.3.5.jar:/workspace/m2-repository/com/sun/istack/istack-commons-runtime/3.0.12/istack-commons-runtime-3.0.12.jar:/workspace/m2-repository/com/sun/activation/jakarta.activation/1.2.2/jakarta.activation-1.2.2.jar:/workspace/m2-repository/org/springframework/data/spring-data-jpa/2.6.0/spring-data-jpa-2.6.0.jar:/workspace/m2-repository/org/springframework/data/spring-data-commons/2.6.0/spring-data-commons-2.6.0.jar:/workspace/m2-repository/org/springframework/spring-orm/5.3.13/spring-orm-5.3.13.jar:/workspace/m2-repository/org/springframework/spring-context/5.3.13/spring-context-5.3.13.jar:/workspace/m2-repository/org/springframework/spring-tx/5.3.13/spring-tx-5.3.13.jar:/workspace/m2-repository/org/springframework/spring-beans/5.3.13/spring-beans-5.3.13.jar:/workspace/m2-repository/org/slf4j/slf4j-api/1.7.32/slf4j-api-1.7.32.jar:/workspace/m2-repository/org/springframework/spring-aspects/5.3.13/spring-aspects-5.3.13.jar:/workspace/m2-repository/org/springframework/boot/spring-boot-starter-web/2.6.0/spring-boot-starter-web-2.6.0.jar:/workspace/m2-repository/org/springframework/boot/spring-boot-starter/2.6.0/spring-boot-starter-2.6.0.jar:/workspace/m2-repository/org/springframework/boot/spring-boot/2.6.0/spring-boot-2.6.0.jar:/workspace/m2-repository/org/springframework/boot/spring-boot-autoconfigure/2.6.0/spring-boot-autoconfigure-2.6.0.jar:/workspace/m2-repository/org/springframework/boot/spring-boot-starter-logging/2.6.0/spring-boot-starter-logging-2.6.0.jar:/workspace/m2-repository/ch/qos/logback/logback-classic/1.2.7/logback-classic-1.2.7.jar:/workspace/m2-repository/ch/qos/logback/logback-core/1.2.7/logback-core-1.2.7.jar:/workspace/m2-repository/org/apache/logging/log4j/log4j-to-slf4j/2.14.1/log4j-to-slf4j-2.14.1.jar:/workspace/m2-repository/org/apache/logging/log4j/log4j-api/2.14.1/log4j-api-2.14.1.jar:/workspace/m2-repository/org/slf4j/jul-to-slf4j/1.7.32/jul-to-slf4j-1.7.32.jar:/workspace/m2-repository/jakarta/annotation/jakarta.annotation-api/1.3.5/jakarta.annotation-api-1.3.5.jar:/workspace/m2-repository/org/yaml/snakeyaml/1.29/snakeyaml-1.29.jar:/workspace/m2-repository/org/springframework/boot/spring-boot-starter-json/2.6.0/spring-boot-starter-json-2.6.0.jar:/workspace/m2-repository/com/fasterxml/jackson/core/jackson-databind/2.13.0/jackson-databind-2.13.0.jar:/workspace/m2-repository/com/fasterxml/jackson/core/jackson-annotations/2.13.0/jackson-annotations-2.13.0.jar:/workspace/m2-repository/com/fasterxml/jackson/core/jackson-core/2.13.0/jackson-core-2.13.0.jar:/workspace/m2-repository/com/fasterxml/jackson/datatype/jackson-datatype-jdk8/2.13.0/jackson-datatype-jdk8-2.13.0.jar:/workspace/m2-repository/com/fasterxml/jackson/datatype/jackson-datatype-jsr310/2.13.0/jackson-datatype-jsr310-2.13.0.jar:/workspace/m2-repository/com/fasterxml/jackson/module/jackson-module-parameter-names/2.13.0/jackson-module-parameter-names-2.13.0.jar:/workspace/m2-repository/org/springframework/boot/spring-boot-starter-tomcat/2.6.0/spring-boot-starter-tomcat-2.6.0.jar:/workspace/m2-repository/org/apache/tomcat/embed/tomcat-embed-core/9.0.55/tomcat-embed-core-9.0.55.jar:/workspace/m2-repository/org/apache/tomcat/embed/tomcat-embed-el/9.0.55/tomcat-embed-el-9.0.55.jar:/workspace/m2-repository/org/apache/tomcat/embed/tomcat-embed-websocket/9.0.55/tomcat-embed-websocket-9.0.55.jar:/workspace/m2-repository/org/springframework/spring-web/5.3.13/spring-web-5.3.13.jar:/workspace/m2-repository/org/springframework/spring-webmvc/5.3.13/spring-webmvc-5.3.13.jar:/workspace/m2-repository/org/springframework/spring-expression/5.3.13/spring-expression-5.3.13.jar:/workspace/m2-repository/org/projectlombok/lombok/1.18.22/lombok-1.18.22.jar:/workspace/m2-repository/com/h2database/h2/1.4.200/h2-1.4.200.jar:/workspace/m2-repository/org/springframework/boot/spring-boot-starter-test/2.6.0/spring-boot-starter-test-2.6.0.jar:/workspace/m2-repository/org/springframework/boot/spring-boot-test/2.6.0/spring-boot-test-2.6.0.jar:/workspace/m2-repository/org/springframework/boot/spring-boot-test-autoconfigure/2.6.0/spring-boot-test-autoconfigure-2.6.0.jar:/workspace/m2-repository/com/jayway/jsonpath/json-path/2.6.0/json-path-2.6.0.jar:/workspace/m2-repository/net/minidev/json-smart/2.4.7/json-smart-2.4.7.jar:/workspace/m2-repository/net/minidev/accessors-smart/2.4.7/accessors-smart-2.4.7.jar:/workspace/m2-repository/org/ow2/asm/asm/9.1/asm-9.1.jar:/workspace/m2-repository/jakarta/xml/bind/jakarta.xml.bind-api/2.3.3/jakarta.xml.bind-api-2.3.3.jar:/workspace/m2-repository/jakarta/activation/jakarta.activation-api/1.2.2/jakarta.activation-api-1.2.2.jar:/workspace/m2-repository/org/assertj/assertj-core/3.21.0/assertj-core-3.21.0.jar:/workspace/m2-repository/org/hamcrest/hamcrest/2.2/hamcrest-2.2.jar:/workspace/m2-repository/org/junit/jupiter/junit-jupiter/5.8.1/junit-jupiter-5.8.1.jar:/workspace/m2-repository/org/junit/jupiter/junit-jupiter-api/5.8.1/junit-jupiter-api-5.8.1.jar:/workspace/m2-repository/org/opentest4j/opentest4j/1.2.0/opentest4j-1.2.0.jar:/workspace/m2-repository/org/junit/platform/junit-platform-commons/1.8.1/junit-platform-commons-1.8.1.jar:/workspace/m2-repository/org/apiguardian/apiguardian-api/1.1.2/apiguardian-api-1.1.2.jar:/workspace/m2-repository/org/junit/jupiter/junit-jupiter-params/5.8.1/junit-jupiter-params-5.8.1.jar:/workspace/m2-repository/org/junit/jupiter/junit-jupiter-engine/5.8.1/junit-jupiter-engine-5.8.1.jar:/workspace/m2-repository/org/junit/platform/junit-platform-engine/1.8.1/junit-platform-engine-1.8.1.jar:/workspace/m2-repository/org/mockito/mockito-core/4.0.0/mockito-core-4.0.0.jar:/workspace/m2-repository/net/bytebuddy/byte-buddy-agent/1.11.22/byte-buddy-agent-1.11.22.jar:/workspace/m2-repository/org/objenesis/objenesis/3.2/objenesis-3.2.jar:/workspace/m2-repository/org/mockito/mockito-junit-jupiter/4.0.0/mockito-junit-jupiter-4.0.0.jar:/workspace/m2-repository/org/skyscreamer/jsonassert/1.5.0/jsonassert-1.5.0.jar:/workspace/m2-repository/com/vaadin/external/google/android-json/0.0.20131108.vaadin1/android-json-0.0.20131108.vaadin1.jar:/workspace/m2-repository/org/springframework/spring-core/5.3.13/spring-core-5.3.13.jar:/workspace/m2-repository/org/springframework/spring-jcl/5.3.13/spring-jcl-5.3.13.jar:/workspace/m2-repository/org/springframework/spring-test/5.3.13/spring-test-5.3.13.jar:/workspace/m2-repository/org/xmlunit/xmlunit-core/2.8.3/xmlunit-core-2.8.3.jar:"/>
    <property name="java.vm.vendor" value="Azul Systems, Inc."/>
    <property name="sun.arch.data.model" value="64"/>
    <property name="java.vendor.url" value="http://www.azul.com/"/>
    <property name="user.timezone" value=""/>
    <property name="java.vm.specification.version" value="11"/>
    <property name="os.name" value="Linux"/>
    <property name="sun.java.launcher" value="SUN_STANDARD"/>
    <property name="user.country" value="US"/>
    <property name="sun.boot.library.path" value="/home/gitpod/.sdkman/candidates/java/11.0.13.fx-zulu/lib"/>
    <property name="sun.java.command" value="/workspace/menu-server-1/target/surefire/surefirebooter11529584097484552060.jar /workspace/menu-server-1/target/surefire 2021-12-10T12-38-39_759-jvmRun1 surefire277063747101466632tmp surefire_16744549751562035766tmp"/>
    <property name="jdk.debug" value="release"/>
    <property name="surefire.test.class.path" value="/workspace/menu-server-1/target/test-classes:/workspace/menu-server-1/target/classes:/workspace/m2-repository/org/springframework/boot/spring-boot-starter-data-jpa/2.6.0/spring-boot-starter-data-jpa-2.6.0.jar:/workspace/m2-repository/org/springframework/boot/spring-boot-starter-aop/2.6.0/spring-boot-starter-aop-2.6.0.jar:/workspace/m2-repository/org/springframework/spring-aop/5.3.13/spring-aop-5.3.13.jar:/workspace/m2-repository/org/aspectj/aspectjweaver/1.9.7/aspectjweaver-1.9.7.jar:/workspace/m2-repository/org/springframework/boot/spring-boot-starter-jdbc/2.6.0/spring-boot-starter-jdbc-2.6.0.jar:/workspace/m2-repository/com/zaxxer/HikariCP/4.0.3/HikariCP-4.0.3.jar:/workspace/m2-repository/org/springframework/spring-jdbc/5.3.13/spring-jdbc-5.3.13.jar:/workspace/m2-repository/jakarta/transaction/jakarta.transaction-api/1.3.3/jakarta.transaction-api-1.3.3.jar:/workspace/m2-repository/jakarta/persistence/jakarta.persistence-api/2.2.3/jakarta.persistence-api-2.2.3.jar:/workspace/m2-repository/org/hibernate/hibernate-core/5.6.1.Final/hibernate-core-5.6.1.Final.jar:/workspace/m2-repository/org/jboss/logging/jboss-logging/3.4.2.Final/jboss-logging-3.4.2.Final.jar:/workspace/m2-repository/net/bytebuddy/byte-buddy/1.11.22/byte-buddy-1.11.22.jar:/workspace/m2-repository/antlr/antlr/2.7.7/antlr-2.7.7.jar:/workspace/m2-repository/org/jboss/jandex/2.2.3.Final/jandex-2.2.3.Final.jar:/workspace/m2-repository/com/fasterxml/classmate/1.5.1/classmate-1.5.1.jar:/workspace/m2-repository/org/hibernate/common/hibernate-commons-annotations/5.1.2.Final/hibernate-commons-annotations-5.1.2.Final.jar:/workspace/m2-repository/org/glassfish/jaxb/jaxb-runtime/2.3.5/jaxb-runtime-2.3.5.jar:/workspace/m2-repository/org/glassfish/jaxb/txw2/2.3.5/txw2-2.3.5.jar:/workspace/m2-repository/com/sun/istack/istack-commons-runtime/3.0.12/istack-commons-runtime-3.0.12.jar:/workspace/m2-repository/com/sun/activation/jakarta.activation/1.2.2/jakarta.activation-1.2.2.jar:/workspace/m2-repository/org/springframework/data/spring-data-jpa/2.6.0/spring-data-jpa-2.6.0.jar:/workspace/m2-repository/org/springframework/data/spring-data-commons/2.6.0/spring-data-commons-2.6.0.jar:/workspace/m2-repository/org/springframework/spring-orm/5.3.13/spring-orm-5.3.13.jar:/workspace/m2-repository/org/springframework/spring-context/5.3.13/spring-context-5.3.13.jar:/workspace/m2-repository/org/springframework/spring-tx/5.3.13/spring-tx-5.3.13.jar:/workspace/m2-repository/org/springframework/spring-beans/5.3.13/spring-beans-5.3.13.jar:/workspace/m2-repository/org/slf4j/slf4j-api/1.7.32/slf4j-api-1.7.32.jar:/workspace/m2-repository/org/springframework/spring-aspects/5.3.13/spring-aspects-5.3.13.jar:/workspace/m2-repository/org/springframework/boot/spring-boot-starter-web/2.6.0/spring-boot-starter-web-2.6.0.jar:/workspace/m2-repository/org/springframework/boot/spring-boot-starter/2.6.0/spring-boot-starter-2.6.0.jar:/workspace/m2-repository/org/springframework/boot/spring-boot/2.6.0/spring-boot-2.6.0.jar:/workspace/m2-repository/org/springframework/boot/spring-boot-autoconfigure/2.6.0/spring-boot-autoconfigure-2.6.0.jar:/workspace/m2-repository/org/springframework/boot/spring-boot-starter-logging/2.6.0/spring-boot-starter-logging-2.6.0.jar:/workspace/m2-repository/ch/qos/logback/logback-classic/1.2.7/logback-classic-1.2.7.jar:/workspace/m2-repository/ch/qos/logback/logback-core/1.2.7/logback-core-1.2.7.jar:/workspace/m2-repository/org/apache/logging/log4j/log4j-to-slf4j/2.14.1/log4j-to-slf4j-2.14.1.jar:/workspace/m2-repository/org/apache/logging/log4j/log4j-api/2.14.1/log4j-api-2.14.1.jar:/workspace/m2-repository/org/slf4j/jul-to-slf4j/1.7.32/jul-to-slf4j-1.7.32.jar:/workspace/m2-repository/jakarta/annotation/jakarta.annotation-api/1.3.5/jakarta.annotation-api-1.3.5.jar:/workspace/m2-repository/org/yaml/snakeyaml/1.29/snakeyaml-1.29.jar:/workspace/m2-repository/org/springframework/boot/spring-boot-starter-json/2.6.0/spring-boot-starter-json-2.6.0.jar:/workspace/m2-repository/com/fasterxml/jackson/core/jackson-databind/2.13.0/jackson-databind-2.13.0.jar:/workspace/m2-repository/com/fasterxml/jackson/core/jackson-annotations/2.13.0/jackson-annotations-2.13.0.jar:/workspace/m2-repository/com/fasterxml/jackson/core/jackson-core/2.13.0/jackson-core-2.13.0.jar:/workspace/m2-repository/com/fasterxml/jackson/datatype/jackson-datatype-jdk8/2.13.0/jackson-datatype-jdk8-2.13.0.jar:/workspace/m2-repository/com/fasterxml/jackson/datatype/jackson-datatype-jsr310/2.13.0/jackson-datatype-jsr310-2.13.0.jar:/workspace/m2-repository/com/fasterxml/jackson/module/jackson-module-parameter-names/2.13.0/jackson-module-parameter-names-2.13.0.jar:/workspace/m2-repository/org/springframework/boot/spring-boot-starter-tomcat/2.6.0/spring-boot-starter-tomcat-2.6.0.jar:/workspace/m2-repository/org/apache/tomcat/embed/tomcat-embed-core/9.0.55/tomcat-embed-core-9.0.55.jar:/workspace/m2-repository/org/apache/tomcat/embed/tomcat-embed-el/9.0.55/tomcat-embed-el-9.0.55.jar:/workspace/m2-repository/org/apache/tomcat/embed/tomcat-embed-websocket/9.0.55/tomcat-embed-websocket-9.0.55.jar:/workspace/m2-repository/org/springframework/spring-web/5.3.13/spring-web-5.3.13.jar:/workspace/m2-repository/org/springframework/spring-webmvc/5.3.13/spring-webmvc-5.3.13.jar:/workspace/m2-repository/org/springframework/spring-expression/5.3.13/spring-expression-5.3.13.jar:/workspace/m2-repository/org/projectlombok/lombok/1.18.22/lombok-1.18.22.jar:/workspace/m2-repository/com/h2database/h2/1.4.200/h2-1.4.200.jar:/workspace/m2-repository/org/springframework/boot/spring-boot-starter-test/2.6.0/spring-boot-starter-test-2.6.0.jar:/workspace/m2-repository/org/springframework/boot/spring-boot-test/2.6.0/spring-boot-test-2.6.0.jar:/workspace/m2-repository/org/springframework/boot/spring-boot-test-autoconfigure/2.6.0/spring-boot-test-autoconfigure-2.6.0.jar:/workspace/m2-repository/com/jayway/jsonpath/json-path/2.6.0/json-path-2.6.0.jar:/workspace/m2-repository/net/minidev/json-smart/2.4.7/json-smart-2.4.7.jar:/workspace/m2-repository/net/minidev/accessors-smart/2.4.7/accessors-smart-2.4.7.jar:/workspace/m2-repository/org/ow2/asm/asm/9.1/asm-9.1.jar:/workspace/m2-repository/jakarta/xml/bind/jakarta.xml.bind-api/2.3.3/jakarta.xml.bind-api-2.3.3.jar:/workspace/m2-repository/jakarta/activation/jakarta.activation-api/1.2.2/jakarta.activation-api-1.2.2.jar:/workspace/m2-repository/org/assertj/assertj-core/3.21.0/assertj-core-3.21.0.jar:/workspace/m2-repository/org/hamcrest/hamcrest/2.2/hamcrest-2.2.jar:/workspace/m2-repository/org/junit/jupiter/junit-jupiter/5.8.1/junit-jupiter-5.8.1.jar:/workspace/m2-repository/org/junit/jupiter/junit-jupiter-api/5.8.1/junit-jupiter-api-5.8.1.jar:/workspace/m2-repository/org/opentest4j/opentest4j/1.2.0/opentest4j-1.2.0.jar:/workspace/m2-repository/org/junit/platform/junit-platform-commons/1.8.1/junit-platform-commons-1.8.1.jar:/workspace/m2-repository/org/apiguardian/apiguardian-api/1.1.2/apiguardian-api-1.1.2.jar:/workspace/m2-repository/org/junit/jupiter/junit-jupiter-params/5.8.1/junit-jupiter-params-5.8.1.jar:/workspace/m2-repository/org/junit/jupiter/junit-jupiter-engine/5.8.1/junit-jupiter-engine-5.8.1.jar:/workspace/m2-repository/org/junit/platform/junit-platform-engine/1.8.1/junit-platform-engine-1.8.1.jar:/workspace/m2-repository/org/mockito/mockito-core/4.0.0/mockito-core-4.0.0.jar:/workspace/m2-repository/net/bytebuddy/byte-buddy-agent/1.11.22/byte-buddy-agent-1.11.22.jar:/workspace/m2-repository/org/objenesis/objenesis/3.2/objenesis-3.2.jar:/workspace/m2-repository/org/mockito/mockito-junit-jupiter/4.0.0/mockito-junit-jupiter-4.0.0.jar:/workspace/m2-repository/org/skyscreamer/jsonassert/1.5.0/jsonassert-1.5.0.jar:/workspace/m2-repository/com/vaadin/external/google/android-json/0.0.20131108.vaadin1/android-json-0.0.20131108.vaadin1.jar:/workspace/m2-repository/org/springframework/spring-core/5.3.13/spring-core-5.3.13.jar:/workspace/m2-repository/org/springframework/spring-jcl/5.3.13/spring-jcl-5.3.13.jar:/workspace/m2-repository/org/springframework/spring-test/5.3.13/spring-test-5.3.13.jar:/workspace/m2-repository/org/xmlunit/xmlunit-core/2.8.3/xmlunit-core-2.8.3.jar:"/>
    <property name="sun.cpu.endian" value="little"/>
    <property name="user.home" value="/home/gitpod"/>
    <property name="user.language" value="en"/>
    <property name="java.specification.vendor" value="Oracle Corporation"/>
    <property name="java.version.date" value="2021-10-19"/>
    <property name="java.home" value="/home/gitpod/.sdkman/candidates/java/11.0.13.fx-zulu"/>
    <property name="file.separator" value="/"/>
    <property name="basedir" value="/workspace/menu-server-1"/>
    <property name="java.vm.compressedOopsMode" value="Zero based"/>
    <property name="line.separator" value="&#10;"/>
    <property name="java.specification.name" value="Java Platform API Specification"/>
    <property name="java.vm.specification.vendor" value="Oracle Corporation"/>
    <property name="jdk.vendor.version" value="Zulu11.52+13-CA"/>
    <property name="java.awt.graphicsenv" value="sun.awt.X11GraphicsEnvironment"/>
    <property name="surefire.real.class.path" value="/workspace/menu-server-1/target/surefire/surefirebooter11529584097484552060.jar"/>
    <property name="sun.management.compiler" value="HotSpot 64-Bit Tiered Compilers"/>
    <property name="java.runtime.version" value="11.0.13+8-LTS"/>
    <property name="user.name" value="gitpod"/>
    <property name="path.separator" value=":"/>
    <property name="os.version" value="5.13.0-1007-gcp"/>
    <property name="java.runtime.name" value="OpenJDK Runtime Environment"/>
    <property name="file.encoding" value="UTF-8"/>
    <property name="java.vm.name" value="OpenJDK 64-Bit Server VM"/>
    <property name="java.vendor.version" value="Zulu11.52+13-CA"/>
    <property name="localRepository" value="/workspace/m2-repository"/>
    <property name="java.vendor.url.bug" value="http://www.azul.com/support/"/>
    <property name="java.io.tmpdir" value="/tmp"/>
    <property name="java.version" value="11.0.13"/>
    <property name="user.dir" value="/workspace/menu-server-1"/>
    <property name="os.arch" value="amd64"/>
    <property name="java.vm.specification.name" value="Java Virtual Machine Specification"/>
    <property name="java.awt.printerjob" value="sun.print.PSPrinterJob"/>
    <property name="sun.os.patch.level" value="unknown"/>
    <property name="java.library.path" value="/usr/java/packages/lib:/usr/lib64:/lib64:/lib:/usr/lib"/>
    <property name="java.vm.info" value="mixed mode"/>
    <property name="java.vendor" value="Azul Systems, Inc."/>
    <property name="java.vm.version" value="11.0.13+8-LTS"/>
    <property name="sun.io.unicode.encoding" value="UnicodeLittle"/>
    <property name="java.class.version" value="55.0"/>
  </properties>
  <testcase name="listsAllMenus" classname="com.cicdlectures.menuserver.controller.MenuControllerIT" time="0.999">
    <error message="Multiple representations of the same entity [com.cicdlectures.menuserver.model.Dish#1] are being merged. Detached: [Dish(id=1, name=moules_frites, menus=null)]; Detached: [Dish(id=2, name=les_13_desserts_de_noel, menus=null)]; nested exception is java.lang.IllegalStateException: Multiple representations of the same entity [com.cicdlectures.menuserver.model.Dish#1] are being merged. Detached: [Dish(id=1, name=moules_frites, menus=null)]; Detached: [Dish(id=2, name=les_13_desserts_de_noel, menus=null)]" type="org.springframework.dao.InvalidDataAccessApiUsageException">org.springframework.dao.InvalidDataAccessApiUsageException: Multiple representations of the same entity [com.cicdlectures.menuserver.model.Dish#1] are being merged. Detached: [Dish(id=1, name=moules_frites, menus=null)]; Detached: [Dish(id=2, name=les_13_desserts_de_noel, menus=null)]; nested exception is java.lang.IllegalStateException: Multiple representations of the same entity [com.cicdlectures.menuserver.model.Dish#1] are being merged. Detached: [Dish(id=1, name=moules_frites, menus=null)]; Detached: [Dish(id=2, name=les_13_desserts_de_noel, menus=null)]
	at com.cicdlectures.menuserver.controller.MenuControllerIT.listsAllMenus(MenuControllerIT.java:68)
Caused by: java.lang.IllegalStateException: Multiple representations of the same entity [com.cicdlectures.menuserver.model.Dish#1] are being merged. Detached: [Dish(id=1, name=moules_frites, menus=null)]; Detached: [Dish(id=2, name=les_13_desserts_de_noel, menus=null)]
	at com.cicdlectures.menuserver.controller.MenuControllerIT.listsAllMenus(MenuControllerIT.java:68)
</error>
    <system-out><![CDATA[12:38:42.861 [main] DEBUG org.springframework.test.context.BootstrapUtils - Instantiating CacheAwareContextLoaderDelegate from class [org.springframework.test.context.cache.DefaultCacheAwareContextLoaderDelegate]
12:38:42.870 [main] DEBUG org.springframework.test.context.BootstrapUtils - Instantiating BootstrapContext using constructor [public org.springframework.test.context.support.DefaultBootstrapContext(java.lang.Class,org.springframework.test.context.CacheAwareContextLoaderDelegate)]
12:38:42.905 [main] DEBUG org.springframework.test.context.BootstrapUtils - Instantiating TestContextBootstrapper for test class [com.cicdlectures.menuserver.controller.MenuControllerIT] from class [org.springframework.boot.test.context.SpringBootTestContextBootstrapper]
12:38:42.916 [main] INFO org.springframework.boot.test.context.SpringBootTestContextBootstrapper - Neither @ContextConfiguration nor @ContextHierarchy found for test class [com.cicdlectures.menuserver.controller.MenuControllerIT], using SpringBootContextLoader
12:38:42.919 [main] DEBUG org.springframework.test.context.support.AbstractContextLoader - Did not detect default resource location for test class [com.cicdlectures.menuserver.controller.MenuControllerIT]: class path resource [com/cicdlectures/menuserver/controller/MenuControllerIT-context.xml] does not exist
12:38:42.920 [main] DEBUG org.springframework.test.context.support.AbstractContextLoader - Did not detect default resource location for test class [com.cicdlectures.menuserver.controller.MenuControllerIT]: class path resource [com/cicdlectures/menuserver/controller/MenuControllerITContext.groovy] does not exist
12:38:42.920 [main] INFO org.springframework.test.context.support.AbstractContextLoader - Could not detect default resource locations for test class [com.cicdlectures.menuserver.controller.MenuControllerIT]: no resource found for suffixes {-context.xml, Context.groovy}.
12:38:42.921 [main] INFO org.springframework.test.context.support.AnnotationConfigContextLoaderUtils - Could not detect default configuration classes for test class [com.cicdlectures.menuserver.controller.MenuControllerIT]: MenuControllerIT does not declare any static, non-private, non-final, nested classes annotated with @Configuration.
12:38:42.962 [main] DEBUG org.springframework.test.context.support.ActiveProfilesUtils - Could not find an 'annotation declaring class' for annotation type [org.springframework.test.context.ActiveProfiles] and class [com.cicdlectures.menuserver.controller.MenuControllerIT]
12:38:43.032 [main] DEBUG org.springframework.context.annotation.ClassPathScanningCandidateComponentProvider - Identified candidate component class: file [/workspace/menu-server-1/target/classes/com/cicdlectures/menuserver/MenuServerApplication.class]
12:38:43.032 [main] INFO org.springframework.boot.test.context.SpringBootTestContextBootstrapper - Found @SpringBootConfiguration com.cicdlectures.menuserver.MenuServerApplication for test class com.cicdlectures.menuserver.controller.MenuControllerIT
12:38:43.127 [main] DEBUG org.springframework.boot.test.context.SpringBootTestContextBootstrapper - @TestExecutionListeners is not present for class [com.cicdlectures.menuserver.controller.MenuControllerIT]: using defaults.
12:38:43.128 [main] INFO org.springframework.boot.test.context.SpringBootTestContextBootstrapper - Loaded default TestExecutionListener class names from location [META-INF/spring.factories]: [org.springframework.boot.test.mock.mockito.MockitoTestExecutionListener, org.springframework.boot.test.mock.mockito.ResetMocksTestExecutionListener, org.springframework.boot.test.autoconfigure.restdocs.RestDocsTestExecutionListener, org.springframework.boot.test.autoconfigure.web.client.MockRestServiceServerResetTestExecutionListener, org.springframework.boot.test.autoconfigure.web.servlet.MockMvcPrintOnlyOnFailureTestExecutionListener, org.springframework.boot.test.autoconfigure.web.servlet.WebDriverTestExecutionListener, org.springframework.boot.test.autoconfigure.webservices.client.MockWebServiceServerTestExecutionListener, org.springframework.test.context.web.ServletTestExecutionListener, org.springframework.test.context.support.DirtiesContextBeforeModesTestExecutionListener, org.springframework.test.context.event.ApplicationEventsTestExecutionListener, org.springframework.test.context.support.DependencyInjectionTestExecutionListener, org.springframework.test.context.support.DirtiesContextTestExecutionListener, org.springframework.test.context.transaction.TransactionalTestExecutionListener, org.springframework.test.context.jdbc.SqlScriptsTestExecutionListener, org.springframework.test.context.event.EventPublishingTestExecutionListener]
12:38:43.145 [main] INFO org.springframework.boot.test.context.SpringBootTestContextBootstrapper - Using TestExecutionListeners: [org.springframework.test.context.web.ServletTestExecutionListener@424fd310, org.springframework.test.context.support.DirtiesContextBeforeModesTestExecutionListener@1a45193b, org.springframework.test.context.event.ApplicationEventsTestExecutionListener@38f116f6, org.springframework.boot.test.mock.mockito.MockitoTestExecutionListener@5286c33a, org.springframework.boot.test.autoconfigure.SpringBootDependencyInjectionTestExecutionListener@6e6d5d29, org.springframework.test.context.support.DirtiesContextTestExecutionListener@5c530d1e, org.springframework.test.context.transaction.TransactionalTestExecutionListener@6c25e6c4, org.springframework.test.context.jdbc.SqlScriptsTestExecutionListener@85e6769, org.springframework.test.context.event.EventPublishingTestExecutionListener@c5ee75e, org.springframework.boot.test.mock.mockito.ResetMocksTestExecutionListener@48a12036, org.springframework.boot.test.autoconfigure.restdocs.RestDocsTestExecutionListener@bf1ec20, org.springframework.boot.test.autoconfigure.web.client.MockRestServiceServerResetTestExecutionListener@70efb718, org.springframework.boot.test.autoconfigure.web.servlet.MockMvcPrintOnlyOnFailureTestExecutionListener@b70da4c, org.springframework.boot.test.autoconfigure.web.servlet.WebDriverTestExecutionListener@4a11eb84, org.springframework.boot.test.autoconfigure.webservices.client.MockWebServiceServerTestExecutionListener@4e858e0a]
12:38:43.148 [main] DEBUG org.springframework.test.context.support.AbstractDirtiesContextTestExecutionListener - Before test class: context [DefaultTestContext@14d14731 testClass = MenuControllerIT, testInstance = [null], testMethod = [null], testException = [null], mergedContextConfiguration = [WebMergedContextConfiguration@2eced48b testClass = MenuControllerIT, locations = '{}', classes = '{class com.cicdlectures.menuserver.MenuServerApplication}', contextInitializerClasses = '[]', activeProfiles = '{}', propertySourceLocations = '{}', propertySourceProperties = '{org.springframework.boot.test.context.SpringBootTestContextBootstrapper=true, server.port=0}', contextCustomizers = set[org.springframework.boot.test.context.filter.ExcludeFilterContextCustomizer@163370c2, org.springframework.boot.test.json.DuplicateJsonObjectContextCustomizerFactory$DuplicateJsonObjectContextCustomizer@35a3d49f, org.springframework.boot.test.mock.mockito.MockitoContextCustomizer@0, org.springframework.boot.test.web.client.TestRestTemplateContextCustomizer@57a3e26a, org.springframework.boot.test.autoconfigure.actuate.metrics.MetricsExportContextCustomizerFactory$DisableMetricExportContextCustomizer@27912e3, org.springframework.boot.test.autoconfigure.properties.PropertyMappingContextCustomizer@0, org.springframework.boot.test.autoconfigure.web.servlet.WebDriverContextCustomizerFactory$Customizer@51a9ad5e, org.springframework.boot.test.context.SpringBootTestArgs@1, org.springframework.boot.test.context.SpringBootTestWebEnvironment@1f0f1111], resourceBasePath = 'src/main/webapp', contextLoader = 'org.springframework.boot.test.context.SpringBootContextLoader', parent = [null]], attributes = map['org.springframework.test.context.web.ServletTestExecutionListener.activateListener' -> false]], class annotated with @DirtiesContext [true] with mode [BEFORE_EACH_TEST_METHOD].
12:38:43.162 [main] DEBUG org.springframework.test.context.support.DependencyInjectionTestExecutionListener - Performing dependency injection for test context [[DefaultTestContext@14d14731 testClass = MenuControllerIT, testInstance = com.cicdlectures.menuserver.controller.MenuControllerIT@698122b2, testMethod = [null], testException = [null], mergedContextConfiguration = [WebMergedContextConfiguration@2eced48b testClass = MenuControllerIT, locations = '{}', classes = '{class com.cicdlectures.menuserver.MenuServerApplication}', contextInitializerClasses = '[]', activeProfiles = '{}', propertySourceLocations = '{}', propertySourceProperties = '{org.springframework.boot.test.context.SpringBootTestContextBootstrapper=true, server.port=0}', contextCustomizers = set[org.springframework.boot.test.context.filter.ExcludeFilterContextCustomizer@163370c2, org.springframework.boot.test.json.DuplicateJsonObjectContextCustomizerFactory$DuplicateJsonObjectContextCustomizer@35a3d49f, org.springframework.boot.test.mock.mockito.MockitoContextCustomizer@0, org.springframework.boot.test.web.client.TestRestTemplateContextCustomizer@57a3e26a, org.springframework.boot.test.autoconfigure.actuate.metrics.MetricsExportContextCustomizerFactory$DisableMetricExportContextCustomizer@27912e3, org.springframework.boot.test.autoconfigure.properties.PropertyMappingContextCustomizer@0, org.springframework.boot.test.autoconfigure.web.servlet.WebDriverContextCustomizerFactory$Customizer@51a9ad5e, org.springframework.boot.test.context.SpringBootTestArgs@1, org.springframework.boot.test.context.SpringBootTestWebEnvironment@1f0f1111], resourceBasePath = 'src/main/webapp', contextLoader = 'org.springframework.boot.test.context.SpringBootContextLoader', parent = [null]], attributes = map['org.springframework.test.context.web.ServletTestExecutionListener.activateListener' -> false, 'org.springframework.test.context.event.ApplicationEventsTestExecutionListener.recordApplicationEvents' -> false]]].
12:38:43.222 [main] DEBUG org.springframework.boot.ApplicationServletEnvironment - Activating profiles []
12:38:43.226 [main] DEBUG org.springframework.test.context.support.TestPropertySourceUtils - Adding inlined properties to environment: {spring.jmx.enabled=false, org.springframework.boot.test.context.SpringBootTestContextBootstrapper=true, server.port=0}

  .   ____          _            __ _ _
 /\\ / ___'_ __ _ _(_)_ __  __ _ \ \ \ \
( ( )\___ | '_ | '_| | '_ \/ _` | \ \ \ \
 \\/  ___)| |_)| | | | | || (_| |  ) ) ) )
  '  |____| .__|_| |_|_| |_\__, | / / / /
 =========|_|==============|___/=/_/_/_/
 :: Spring Boot ::                (v2.6.0)

2021-12-10 12:38:43.490  INFO 1587 --- [           main] c.c.m.controller.MenuControllerIT        : Starting MenuControllerIT using Java 11.0.13 on ws-ddfa0959-b9e0-4c42-b6cd-2ea251a8b269 with PID 1587 (started by gitpod in /workspace/menu-server-1)
2021-12-10 12:38:43.492  INFO 1587 --- [           main] c.c.m.controller.MenuControllerIT        : No active profile set, falling back to default profiles: default
2021-12-10 12:38:44.082  INFO 1587 --- [           main] .s.d.r.c.RepositoryConfigurationDelegate : Bootstrapping Spring Data JPA repositories in DEFAULT mode.
2021-12-10 12:38:44.126  INFO 1587 --- [           main] .s.d.r.c.RepositoryConfigurationDelegate : Finished Spring Data repository scanning in 36 ms. Found 2 JPA repository interfaces.
2021-12-10 12:38:44.784  INFO 1587 --- [           main] o.s.b.w.embedded.tomcat.TomcatWebServer  : Tomcat initialized with port(s): 0 (http)
2021-12-10 12:38:44.796  INFO 1587 --- [           main] o.apache.catalina.core.StandardService   : Starting service [Tomcat]
2021-12-10 12:38:44.796  INFO 1587 --- [           main] org.apache.catalina.core.StandardEngine  : Starting Servlet engine: [Apache Tomcat/9.0.55]
2021-12-10 12:38:44.885  INFO 1587 --- [           main] o.a.c.c.C.[Tomcat].[localhost].[/]       : Initializing Spring embedded WebApplicationContext
2021-12-10 12:38:44.886  INFO 1587 --- [           main] w.s.c.ServletWebServerApplicationContext : Root WebApplicationContext: initialization completed in 1373 ms
2021-12-10 12:38:45.091  INFO 1587 --- [           main] com.zaxxer.hikari.HikariDataSource       : HikariPool-1 - Starting...
2021-12-10 12:38:45.270  INFO 1587 --- [           main] com.zaxxer.hikari.HikariDataSource       : HikariPool-1 - Start completed.
2021-12-10 12:38:45.329  INFO 1587 --- [           main] o.hibernate.jpa.internal.util.LogHelper  : HHH000204: Processing PersistenceUnitInfo [name: default]
2021-12-10 12:38:45.374  INFO 1587 --- [           main] org.hibernate.Version                    : HHH000412: Hibernate ORM core version 5.6.1.Final
2021-12-10 12:38:45.521  INFO 1587 --- [           main] o.hibernate.annotations.common.Version   : HCANN000001: Hibernate Commons Annotations {5.1.2.Final}
2021-12-10 12:38:45.632  INFO 1587 --- [           main] org.hibernate.dialect.Dialect            : HHH000400: Using dialect: org.hibernate.dialect.H2Dialect
2021-12-10 12:38:46.330  INFO 1587 --- [           main] o.h.e.t.j.p.i.JtaPlatformInitiator       : HHH000490: Using JtaPlatform implementation: [org.hibernate.engine.transaction.jta.platform.internal.NoJtaPlatform]
2021-12-10 12:38:46.354  INFO 1587 --- [           main] j.LocalContainerEntityManagerFactoryBean : Initialized JPA EntityManagerFactory for persistence unit 'default'
2021-12-10 12:38:46.796  WARN 1587 --- [           main] JpaBaseConfiguration$JpaWebConfiguration : spring.jpa.open-in-view is enabled by default. Therefore, database queries may be performed during view rendering. Explicitly configure spring.jpa.open-in-view to disable this warning
2021-12-10 12:38:47.392  INFO 1587 --- [           main] o.s.b.w.embedded.tomcat.TomcatWebServer  : Tomcat started on port(s): 44399 (http) with context path ''
2021-12-10 12:38:47.404  INFO 1587 --- [           main] c.c.m.controller.MenuControllerIT        : Started MenuControllerIT in 4.176 seconds (JVM running for 5.224)
2021-12-10 12:38:47.433  INFO 1587 --- [           main] j.LocalContainerEntityManagerFactoryBean : Closing JPA EntityManagerFactory for persistence unit 'default'
2021-12-10 12:38:47.433  INFO 1587 --- [           main] .SchemaDropperImpl$DelayedDropActionImpl : HHH000477: Starting delayed evictData of schema as part of SessionFactory shut-down'
2021-12-10 12:38:47.440  INFO 1587 --- [           main] com.zaxxer.hikari.HikariDataSource       : HikariPool-1 - Shutdown initiated...
2021-12-10 12:38:47.445  INFO 1587 --- [           main] com.zaxxer.hikari.HikariDataSource       : HikariPool-1 - Shutdown completed.

  .   ____          _            __ _ _
 /\\ / ___'_ __ _ _(_)_ __  __ _ \ \ \ \
( ( )\___ | '_ | '_| | '_ \/ _` | \ \ \ \
 \\/  ___)| |_)| | | | | || (_| |  ) ) ) )
  '  |____| .__|_| |_|_| |_\__, | / / / /
 =========|_|==============|___/=/_/_/_/
 :: Spring Boot ::                (v2.6.0)

2021-12-10 12:38:47.485  INFO 1587 --- [           main] c.c.m.controller.MenuControllerIT        : Starting MenuControllerIT using Java 11.0.13 on ws-ddfa0959-b9e0-4c42-b6cd-2ea251a8b269 with PID 1587 (started by gitpod in /workspace/menu-server-1)
2021-12-10 12:38:47.485  INFO 1587 --- [           main] c.c.m.controller.MenuControllerIT        : No active profile set, falling back to default profiles: default
2021-12-10 12:38:47.623  INFO 1587 --- [           main] .s.d.r.c.RepositoryConfigurationDelegate : Bootstrapping Spring Data JPA repositories in DEFAULT mode.
2021-12-10 12:38:47.628  INFO 1587 --- [           main] .s.d.r.c.RepositoryConfigurationDelegate : Finished Spring Data repository scanning in 5 ms. Found 2 JPA repository interfaces.
2021-12-10 12:38:47.731  INFO 1587 --- [           main] o.s.b.w.embedded.tomcat.TomcatWebServer  : Tomcat initialized with port(s): 0 (http)
2021-12-10 12:38:47.732  INFO 1587 --- [           main] o.apache.catalina.core.StandardService   : Starting service [Tomcat]
2021-12-10 12:38:47.732  INFO 1587 --- [           main] org.apache.catalina.core.StandardEngine  : Starting Servlet engine: [Apache Tomcat/9.0.55]
2021-12-10 12:38:47.745  INFO 1587 --- [           main] o.a.c.c.C.[Tomcat].[localhost].[/]       : Initializing Spring embedded WebApplicationContext
2021-12-10 12:38:47.745  INFO 1587 --- [           main] w.s.c.ServletWebServerApplicationContext : Root WebApplicationContext: initialization completed in 257 ms
2021-12-10 12:38:47.811  INFO 1587 --- [           main] com.zaxxer.hikari.HikariDataSource       : HikariPool-2 - Starting...
2021-12-10 12:38:47.814  INFO 1587 --- [           main] com.zaxxer.hikari.HikariDataSource       : HikariPool-2 - Start completed.
2021-12-10 12:38:47.822  INFO 1587 --- [           main] o.hibernate.jpa.internal.util.LogHelper  : HHH000204: Processing PersistenceUnitInfo [name: default]
2021-12-10 12:38:47.827  INFO 1587 --- [           main] org.hibernate.dialect.Dialect            : HHH000400: Using dialect: org.hibernate.dialect.H2Dialect
2021-12-10 12:38:47.866  INFO 1587 --- [           main] o.h.e.t.j.p.i.JtaPlatformInitiator       : HHH000490: Using JtaPlatform implementation: [org.hibernate.engine.transaction.jta.platform.internal.NoJtaPlatform]
2021-12-10 12:38:47.866  INFO 1587 --- [           main] j.LocalContainerEntityManagerFactoryBean : Initialized JPA EntityManagerFactory for persistence unit 'default'
2021-12-10 12:38:47.963  WARN 1587 --- [           main] JpaBaseConfiguration$JpaWebConfiguration : spring.jpa.open-in-view is enabled by default. Therefore, database queries may be performed during view rendering. Explicitly configure spring.jpa.open-in-view to disable this warning
2021-12-10 12:38:48.212  INFO 1587 --- [           main] o.s.b.w.embedded.tomcat.TomcatWebServer  : Tomcat started on port(s): 39897 (http) with context path ''
2021-12-10 12:38:48.215  INFO 1587 --- [           main] c.c.m.controller.MenuControllerIT        : Started MenuControllerIT in 0.754 seconds (JVM running for 6.036)
]]></system-out>
  </testcase>
</testsuite>